<?xml version="1.0" encoding="UTF-8"?>
<testng-results skipped="0" failed="0" ignored="2" total="3" passed="1">
  <reporter-output>
  </reporter-output>
  <suite name="Default suite" duration-ms="37561" started-at="2021-02-23T23:37:53 CST" finished-at="2021-02-23T23:38:31 CST">
    <groups>
    </groups>
    <test name="Default test" duration-ms="37561" started-at="2021-02-23T23:37:53 CST" finished-at="2021-02-23T23:38:31 CST">
      <class name="com.acourse.testcases.runtest">
        <test-method status="PASS" signature="setUp()[pri:0, instance:com.acourse.testcases.runtest@2de8284b]" name="setUp" is-config="true" duration-ms="4667" started-at="2021-02-23T23:37:49 CST" finished-at="2021-02-23T23:37:53 CST">
          <reporter-output>
          </reporter-output>
        </test-method> <!-- setUp -->
        <test-method status="PASS" signature="NavigateLeagues()[pri:0, instance:com.acourse.testcases.runtest@2de8284b]" name="NavigateLeagues" duration-ms="37511" started-at="2021-02-23T23:37:53 CST" finished-at="2021-02-23T23:38:31 CST">
          <reporter-output>
          </reporter-output>
        </test-method> <!-- NavigateLeagues -->
        <test-method status="PASS" signature="tearDown()[pri:0, instance:com.acourse.testcases.runtest@2de8284b]" name="tearDown" is-config="true" duration-ms="678" started-at="2021-02-23T23:38:31 CST" finished-at="2021-02-23T23:38:32 CST">
          <reporter-output>
          </reporter-output>
        </test-method> <!-- tearDown -->
      </class> <!-- com.acourse.testcases.runtest -->
    </test> <!-- Default test -->
  </suite> <!-- Default suite -->
</testng-results>
