<?xml version="1.0" encoding="UTF-8"?>
<!-- Generated by org.testng.reporters.JUnitXMLReporter -->
<testsuite hostname="DESKTOP-333TPSF" ignored="0" name="test" tests="3" failures="0" timestamp="2021-02-23T13:35:40 CST" time="21.738" errors="0">
  <testcase name="BetSlip" time="6.928" classname="com.acourse.testcases.runtest"/>
  <testcase name="LeagueTabsNFL" time="14.746" classname="com.acourse.testcases.runtest"/>
  <testcase name="NavigateLeagues" time="0.001" classname="com.acourse.testcases.runtest"/>
</testsuite> <!-- test -->
