<?xml version="1.0" encoding="UTF-8"?>
<!-- Generated by org.testng.reporters.JUnitXMLReporter -->
<testsuite hostname="DESKTOP-333TPSF" ignored="2" name="Default test" tests="1" failures="0" timestamp="2021-02-23T23:38:31 CST" time="37.561" errors="0">
  <testcase name="NavigateLeagues" time="37.511" classname="com.acourse.testcases.runtest"/>
  <testcase name="BetSlip" time="0.0" classname="com.acourse.testcases.runtest">
    <ignored/>
  </testcase> <!-- BetSlip -->
  <testcase name="LeagueTabsNFL" time="0.0" classname="com.acourse.testcases.runtest">
    <ignored/>
  </testcase> <!-- LeagueTabsNFL -->
</testsuite> <!-- Default test -->
